T I M E   A N D   N O D A L   P O S I T I O N   D A T A 

       TIME       NODE NUMBER             POSITION
                                   X          Y          Z
       0.000           1           0.000    10.000     0.000
       0.000           2          10.000    10.000     0.000
       0.000           3          20.000    10.000     0.000
       0.000           4          30.000    10.000     0.000
       0.000           5          30.000     0.000     0.000
       0.000           6          20.000     0.000     0.000
       0.000           7          10.000     0.000     0.000
       0.000           8           0.000     0.000     0.000
       0.010           1           0.000    10.000     0.000
       0.010           2          10.000    10.000     0.000
       0.010           3          20.000    10.000     0.000
       0.010           4          30.000    10.000     0.000
       0.010           5          30.000    -0.000     0.000
       0.010           6          20.000    -0.000     0.000
       0.010           7          10.000     0.000     0.000
       0.010           8           0.000     0.000     0.000
       0.020           1           0.000    10.000     0.000
       0.020           2          10.000    10.000     0.000
       0.020           3          20.000    10.000     0.000
       0.020           4          30.000    10.000     0.000
       0.020           5          30.000    -0.000     0.000
       0.020           6          20.000    -0.000     0.000
       0.020           7          10.000    -0.000     0.000
       0.020           8           0.000     0.000     0.000
       0.030           1           0.000    10.000     0.000
       0.030           2          10.000    10.000     0.000
       0.030           3          20.000    10.000     0.000
       0.030           4          30.000    10.000     0.000
       0.030           5          30.000    -0.000     0.000
       0.030           6          20.000    -0.000     0.000
       0.030           7          10.000     0.000     0.000
       0.030           8           0.000     0.000     0.000
       0.040           1           0.000    10.000     0.000
       0.040           2          10.000    10.000     0.000
       0.040           3          20.000    10.000     0.000
       0.040           4          30.000    10.000     0.000
       0.040           5          30.000    -0.000     0.000
       0.040           6          20.000    -0.000     0.000
       0.040           7          10.000    -0.000     0.000
       0.040           8           0.000     0.000     0.000
       0.050           1           0.000    10.000     0.000
       0.050           2          10.000    10.000     0.000
       0.050           3          20.000    10.000     0.000
       0.050           4          30.000    10.000     0.000
       0.050           5          30.000    -0.000     0.000
       0.050           6          20.000    -0.000     0.000
       0.050           7          10.000     0.000     0.000
       0.050           8           0.000     0.000     0.000
       0.060           1           0.000    10.000     0.000
       0.060           2          10.000    10.000     0.000
       0.060           3          20.000    10.000     0.000
       0.060           4          30.000    10.000     0.000
       0.060           5          30.000    -0.000     0.000
       0.060           6          20.000    -0.000     0.000
       0.060           7          10.000    -0.000     0.000
       0.060           8           0.000     0.000     0.000
       0.070           1           0.000    10.000     0.000
       0.070           2          10.000    10.000     0.000
       0.070           3          20.000    10.000     0.000
       0.070           4          30.000    10.000     0.000
       0.070           5          30.000    -0.000     0.000
       0.070           6          20.000    -0.000     0.000
       0.070           7          10.000     0.000     0.000
       0.070           8           0.000     0.000     0.000
       0.080           1           0.000    10.000     0.000
       0.080           2          10.000    10.000     0.000
       0.080           3          20.000    10.000     0.000
       0.080           4          30.000    10.000     0.000
       0.080           5          30.000    -0.000     0.000
       0.080           6          20.000    -0.000     0.000
       0.080           7          10.000    -0.000     0.000
       0.080           8           0.000     0.000     0.000
       0.090           1           0.000    10.000     0.000
       0.090           2          10.000    10.000     0.000
       0.090           3          20.000    10.000     0.000
       0.090           4          30.000    10.000     0.000
       0.090           5          30.000    -0.000     0.000
       0.090           6          20.000    -0.000     0.000
       0.090           7          10.000     0.000     0.000
       0.090           8           0.000     0.000     0.000
       0.100           1           0.000    10.000     0.000
       0.100           2          10.000    10.000     0.000
       0.100           3          20.000    10.000     0.000
       0.100           4          30.000    10.000     0.000
       0.100           5          30.000    -0.000     0.000
       0.100           6          20.000     0.000     0.000
       0.100           7          10.000    -0.000     0.000
       0.100           8           0.000     0.000     0.000
       0.110           1           0.000    10.000     0.000
       0.110           2          10.000    10.000     0.000
       0.110           3          20.000    10.000     0.000
       0.110           4          30.000    10.000     0.000
       0.110           5          30.000    -0.000     0.000
       0.110           6          20.000    -0.000     0.000
       0.110           7          10.000     0.000     0.000
       0.110           8           0.000     0.000     0.000
       0.120           1           0.000    10.000     0.000
       0.120           2          10.000    10.000     0.000
       0.120           3          20.000    10.000     0.000
       0.120           4          30.000    10.000     0.000
       0.120           5          30.000     0.000     0.000
       0.120           6          20.000     0.000     0.000
       0.120           7          10.000    -0.000     0.000
       0.120           8           0.000     0.000     0.000
       0.130           1           0.000    10.000     0.000
       0.130           2          10.000    10.000     0.000
       0.130           3          20.000    10.000     0.000
       0.130           4          30.000    10.000     0.000
       0.130           5          30.000    -0.000     0.000
       0.130           6          20.000    -0.000     0.000
       0.130           7          10.000     0.000     0.000
       0.130           8           0.000     0.000     0.000
       0.140           1           0.000    10.000     0.000
       0.140           2          10.000    10.000     0.000
       0.140           3          20.000    10.000     0.000
       0.140           4          30.000    10.000     0.000
       0.140           5          30.000     0.000     0.000
       0.140           6          20.000     0.000     0.000
       0.140           7          10.000    -0.000     0.000
       0.140           8           0.000     0.000     0.000
       0.150           1           0.000    10.000     0.000
       0.150           2          10.000    10.000     0.000
       0.150           3          20.000    10.000     0.000
       0.150           4          30.000    10.000     0.000
       0.150           5          30.000    -0.000     0.000
       0.150           6          20.000    -0.000     0.000
       0.150           7          10.000     0.000     0.000
       0.150           8           0.000     0.000     0.000
       0.160           1           0.000    10.000     0.000
       0.160           2          10.000    10.000     0.000
       0.160           3          20.000    10.000     0.000
       0.160           4          30.000    10.000     0.000
       0.160           5          30.000     0.000     0.000
       0.160           6          20.000     0.000     0.000
       0.160           7          10.000    -0.000     0.000
       0.160           8           0.000     0.000     0.000
       0.170           1           0.000    10.000     0.000
       0.170           2          10.000    10.000     0.000
       0.170           3          20.000    10.000     0.000
       0.170           4          30.000    10.000     0.000
       0.170           5          30.000    -0.000     0.000
       0.170           6          20.000    -0.000     0.000
       0.170           7          10.000     0.000     0.000
       0.170           8           0.000     0.000     0.000
       0.180           1           0.000    10.000     0.000
       0.180           2          10.000    10.000     0.000
       0.180           3          20.000    10.000     0.000
       0.180           4          30.000     9.999     0.000
       0.180           5          30.000     0.001     0.000
       0.180           6          20.000     0.000     0.000
       0.180           7          10.000    -0.000     0.000
       0.180           8           0.000     0.000     0.000
       0.190           1           0.000    10.000     0.000
       0.190           2          10.000    10.000     0.000
       0.190           3          19.999    10.000     0.000
       0.190           4          30.001    10.001     0.000
       0.190           5          30.001    -0.001     0.000
       0.190           6          19.999    -0.000     0.000
       0.190           7          10.000     0.000     0.000
       0.190           8           0.000     0.000     0.000
       0.200           1           0.000    10.000     0.000
       0.200           2           9.999    10.000     0.000
       0.200           3          20.002     9.999     0.000
       0.200           4          29.998     9.997     0.000
       0.200           5          29.998     0.003     0.000
       0.200           6          20.002     0.001     0.000
       0.200           7           9.999    -0.000     0.000
       0.200           8           0.000     0.000     0.000
       0.210           1           0.000    10.000     0.000
       0.210           2          10.002    10.000     0.000
       0.210           3          19.995    10.001     0.000
       0.210           4          30.005    10.006     0.000
       0.210           5          30.005    -0.006     0.000
       0.210           6          19.995    -0.001     0.000
       0.210           7          10.002     0.000     0.000
       0.210           8           0.000     0.000     0.000
       0.220           1           0.000    10.000     0.000
       0.220           2           9.995    10.001     0.000
       0.220           3          20.011     9.997     0.000
       0.220           4          29.989     9.987     0.000
       0.220           5          29.989     0.013     0.000
       0.220           6          20.011     0.003     0.000
       0.220           7           9.995    -0.001     0.000
       0.220           8           0.000     0.000     0.000
       0.230           1           0.000    10.000     0.000
       0.230           2          10.011     9.998     0.000
       0.230           3          19.977    10.006     0.000
       0.230           4          30.025    10.028     0.000
       0.230           5          30.025    -0.028     0.000
       0.230           6          19.977    -0.006     0.000
       0.230           7          10.011     0.002     0.000
       0.230           8           0.000     0.000     0.000
       0.240           1           0.000    10.000     0.000
       0.240           2           9.975    10.005     0.000
       0.240           3          20.052     9.988     0.000
       0.240           4          29.944     9.939     0.000
       0.240           5          29.944     0.061     0.000
       0.240           6          20.052     0.012     0.000
       0.240           7           9.975    -0.005     0.000
       0.240           8           0.000     0.000     0.000
       0.250           1           0.000    10.000     0.000
       0.250           2          10.056     9.988     0.000
       0.250           3          19.886    10.027     0.000
       0.250           4          30.123    10.133     0.000
       0.250           5          30.123    -0.133     0.000
       0.250           6          19.886    -0.027     0.000
       0.250           7          10.056     0.012     0.000
       0.250           8           0.000     0.000     0.000
       0.260           1           0.000    10.000     0.000
       0.260           2           9.876    10.026     0.000
       0.260           3          20.252     9.941     0.000
       0.260           4          29.730     9.708     0.000
       0.260           5          29.730     0.292     0.000
       0.260           6          20.252     0.059     0.000
       0.260           7           9.876    -0.026     0.000
       0.260           8           0.000     0.000     0.000
       0.270           1           0.000    10.000     0.000
       0.270           2          10.274     9.942     0.000
       0.270           3          19.444    10.129     0.000
       0.270           4          30.594    10.641     0.000
       0.270           5          30.595    -0.641     0.000
       0.270           6          19.444    -0.129     0.000
       0.270           7          10.274     0.058     0.000
       0.270           8           0.000     0.000     0.000
       0.280           1           0.000    10.000     0.000
       0.280           2           9.395    10.128     0.000
       0.280           3          21.226     9.718     0.000
       0.280           4          28.691     8.593     0.000
       0.280           5          28.691     1.407     0.000
       0.280           6          21.226     0.282     0.000
       0.280           7           9.394    -0.128     0.000
       0.280           8           0.000     0.000     0.000
       0.290           1           0.000    10.000     0.000
       0.290           2          11.337     9.716     0.000
       0.290           3          17.297    10.617     0.000
       0.290           4          32.883    13.089     0.000
       0.290           5          32.883    -3.089     0.000
       0.290           6          17.297    -0.617     0.000
       0.290           7          11.338     0.284     0.000
       0.290           8           0.000     0.000     0.000
       0.300           1           0.000    10.000     0.000
       0.300           2           7.047    10.629     0.000
       0.300           3          25.957     8.649     0.000
       0.300           4          23.651     3.213     0.000
       0.300           5          23.650     6.787     0.000
       0.300           6          25.959     1.351     0.000
       0.300           7           7.046    -0.628     0.000
       0.300           8           0.000     0.000     0.000
       0.310           1           0.000    10.000     0.000
       0.310           2          16.519     8.609     0.000
       0.310           3           6.870    12.961     0.000
       0.310           4          43.981    24.914     0.000
       0.310           5          43.982   -14.914     0.000
       0.310           6           6.868    -2.961     0.000
       0.310           7          16.521     1.390     0.000
       0.310           8           0.000     0.000     0.000
       0.320           1           0.000    10.000     0.000
       0.320           2          -4.386    13.075     0.000
       0.320           3          48.934     3.507     0.000
       0.320           4          -0.787   -22.782     0.000
       0.320           5          -0.789    32.781     0.000
       0.320           6          48.939     6.493     0.000
       0.320           7          -4.389    -3.075     0.000
       0.320           8           0.000     0.000     0.000
       0.330           1           0.000    10.000     0.000
       0.330           2          41.736     3.203     0.000
       0.330           3         -43.755    24.247     0.000
       0.330           4          97.793    82.070     0.000
       0.330           5          97.798   -72.070     0.000
       0.330           6         -43.763   -14.247     0.000
       0.330           7          41.743     6.796     0.000
       0.330           8           0.000     0.000     0.000
       0.340           1           0.000    10.000     0.000
       0.340           2         -59.995    25.014     0.000
       0.340           3         160.467   -21.272     0.000
       0.340           4        -119.281  -148.478     0.000
       0.340           5        -119.291   158.476     0.000
       0.340           6         160.482    31.272     0.000
       0.340           7         -60.007   -15.012     0.000
       0.340           8           0.000     0.000     0.000
       0.350           1           0.000    10.000     0.000
       0.350           2         164.343   -23.151     0.000
       0.350           3        -289.456    78.669     0.000
       0.350           4         358.714   358.540     0.000
       0.350           5         358.733  -348.538     0.000
       0.350           6        -289.485   -68.670     0.000
       0.350           7         164.365    33.148     0.000
       0.350           8           0.000     0.000     0.000
       0.360           1           0.000    10.000     0.000
       0.360           2        -330.271    83.175     0.000
       0.360           3         701.699  -140.840     0.000
       0.360           4        -693.816  -756.656     0.000
       0.360           5        -693.853   766.652     0.000
       0.360           6         701.753   150.841     0.000
       0.360           7        -330.311   -73.168     0.000
       0.360           8           0.000     0.000     0.000
       0.370           1           0.000    10.000     0.000
       0.370           2         760.052  -151.465     0.000
       0.370           3       -1481.619   341.437     0.000
       0.370           4        1623.805  1696.571     0.000
       0.370           5        1623.874 -1686.564     0.000
       0.370           6       -1481.718  -331.437     0.000
       0.370           7         760.125   161.454     0.000
       0.370           8           0.000     0.000     0.000
       0.380           1           0.000    10.000     0.000
       0.380           2       -1643.086   366.188     0.000
       0.380           3        3327.527  -718.446     0.000
       0.380           4       -3479.451 -3700.714     0.000
       0.380           5       -3479.581  3710.701     0.000
       0.380           6        3327.711   728.447     0.000
       0.380           7       -1643.219  -356.167     0.000
       0.380           8           0.000     0.000     0.000
       0.390           1           0.000    10.000     0.000
       0.390           2        3652.884  -775.552     0.000
       0.390           3       -7264.952  1611.375     0.000
       0.390           4        7757.531  8174.934     0.000
       0.390           5        7757.774 -8164.912     0.000
       0.390           6       -7265.291 -1601.376     0.000
       0.390           7        3653.126   785.513     0.000
       0.390           8           0.000     0.000     0.000
       0.400           1           0.000    10.000     0.000
       0.400           2       -8016.909  1742.128     0.000
       0.400           3       16064.723 -3511.080     0.000
       0.400           4      -16985.319-17957.390     0.000
       0.400           5      -16985.774 17967.352     0.000
       0.400           6       16065.349  3521.079     0.000
       0.400           7       -8017.351 -1732.055     0.000
       0.400           8           0.000     0.000     0.000
       0.410           1           0.000    10.000     0.000
       0.410           2       17695.215 -3808.610     0.000
       0.410           3      -35316.395  7753.451     0.000
       0.410           4       37496.024 39551.182     0.000
       0.410           5       37496.872-39541.115     0.000
       0.410           6      -35317.550 -7743.446     0.000
       0.410           7       17696.024  3818.475     0.000
       0.410           8           0.000     0.000     0.000
       0.420           1           0.000    10.000     0.000
       0.420           2      -38951.599  8427.084     0.000
       0.420           3       77841.355-17021.771     0.000
       0.420           4      -82466.113-87014.697     0.000
       0.420           5      -82467.694 87024.579     0.000
       0.420           6       77843.487 17031.757     0.000
       0.420           7      -38953.079 -8416.833     0.000
       0.420           8           0.000     0.000     0.000
       0.430           1           0.000    10.000     0.000
       0.430           2       85838.629-18540.591     0.000
       0.430           3      -171361.366 37476.515     0.000
       0.430           4      181676.891191550.227     0.000
       0.430           5      181679.832-191540.019     0.000
       0.430           6      -171365.302-37466.480     0.000
       0.430           7       85841.341 18550.125     0.000
       0.430           8           0.000     0.000     0.000
       0.440           1           0.000    10.000     0.000
       0.440           2      -189050.401 40889.093     0.000
       0.440           3      377434.161-82418.563     0.000
       0.440           4      -399934.311-421588.385     0.000
       0.440           5      -399939.776421598.016     0.000
       0.440           6      377441.425 82428.482     0.000
       0.440           7      -189055.372-40878.231     0.000
       0.440           8           0.000     0.000     0.000
       0.450           1           0.000    10.000     0.000
       0.450           2      416443.299-90063.896     0.000
       0.450           3      -831100.273181376.338     0.000
       0.450           4      880700.529928028.426     0.000
       0.450           5      880710.678-928017.769     0.000
       0.450           6      -831113.681-181366.165     0.000
       0.450           7      416452.418 90072.300     0.000
       0.450           8           0.000     0.000     0.000
       0.460           1           0.000    10.000     0.000
       0.460           2      -917202.219198462.551     0.000
       0.460           3      1830233.711-399083.416     0.000
       0.460           4      -1939090.408-2042812.288     0.000
       0.460           5      -1939109.2422042821.113     0.000
       0.460           6      1830258.456399093.054     0.000
       0.460           7      -917218.955-198449.597     0.000
       0.460           8           0.000     0.000     0.000
       0.470           1           0.000    10.000     0.000
       0.470           2      2020126.238-437189.422     0.000
       0.470           3      -4030239.172878276.763     0.000
       0.470           4      4269709.7674496967.831     0.000
       0.470           5      4269744.696-4496955.728     0.000
       0.470           6      -4030284.841-878266.030     0.000
       0.470           7      2020156.972437193.960     0.000
       0.470           8           0.000     0.000     0.000
       0.480           1           0.000    10.000     0.000
       0.480           2      -4449040.455963111.564     0.000
       0.480           3      8874813.515-1932884.010     0.000
       0.480           4      -9401210.161-9899631.371     0.000
       0.480           5      -9401274.9019899637.595     0.000
       0.480           6      8874897.8001932892.547     0.000
       0.480           7      -4449096.925-963091.464     0.000
       0.480           8           0.000     0.000     0.000
       0.490           1           0.000    10.000     0.000
       0.490           2      9798174.954-2121465.883     0.000
       0.490           3      -19542402.9894254187.212     0.000
       0.490           4      20700223.19721793708.578     0.000
       0.490           5      20700343.132-21793691.784     0.000
       0.490           6      -19542558.537-4254174.332     0.000
       0.490           7      9798278.7532121457.211     0.000
       0.490           8           0.000     0.000     0.000
       0.500           1           0.000    10.000     0.000
       0.500           2      -21577948.2754672850.978     0.000
       0.500           3      43032273.566-9363652.855     0.000
       0.500           4      -45578796.218-47979064.286     0.000
       0.500           5      -45579018.30647979062.033     0.000
       0.500           6      43032560.6269363657.242     0.000
       0.500           7      -21578139.149-4672806.467     0.000
       0.500           8           0.000     0.000     0.000
       0.510           1           0.000    10.000     0.000
       0.510           2      47518830.905-10292084.179     0.000
       0.510           3      -94755795.91520610852.173     0.000
       0.510           4      100357898.489105628489.196     0.000
       0.510           5      100358309.576-105628457.053     0.000
       0.510           6      -94756325.666-20610831.326     0.000
       0.510           7      47519182.02710292030.406     0.000
       0.510           8           0.000     0.000     0.000
       0.520           1           0.000    10.000     0.000
       0.520           2      -104643425.55422667786.731     0.000
       0.520           3      208648038.925-45369383.315     0.000
       0.520           4      -220973031.974-232550541.774     0.000
       0.520           5      -220973792.632232550511.682     0.000
       0.520           6      208649016.53245369372.493     0.000
       0.520           7      -104644071.665-22667658.905     0.000
       0.520           8           0.000     0.000     0.000
       0.530           1           0.000    10.000     0.000
       0.530           2      230436102.393-49922771.413     0.000
       0.530           3      -459430346.02299872361.309     0.000
       0.530           4      486549386.387511988252.006     0.000
       0.530           5      486550793.439-511988169.291     0.000
       0.530           6      -459432150.082-99872311.562     0.000
       0.530           7      230437291.66649922563.746     0.000
       0.530           8           0.000     0.000     0.000
       0.540           1           0.000    10.000     0.000
       0.540           2      -507437067.653109944951.886     0.000
       0.540           3      1011631996.647-219857207.840     0.000
       0.540           4      -1071307553.441-1127218378.245     0.000
       0.540           5      -1071310155.4681127218256.146     0.000
       0.540           6      1011635325.793219857142.316     0.000
       0.540           7      -507439257.275-109944539.832     0.000
       0.540           8           0.000     0.000     0.000
       0.550           1           0.000    10.000     0.000
       0.550           2      1117398164.797-242125236.989     0.000
       0.550           3      -2227527882.160484002567.659     0.000
       0.550           4      2358854795.2972481766450.833     0.000
       0.550           5      2358859605.984-2481766200.501     0.000
       0.550           6      -2227534025.575-484002414.709     0.000
       0.550           7      1117402197.138242124504.437     0.000
       0.550           8           0.000     0.000     0.000
       0.560           1           0.000    10.000     0.000
       0.560           2      -2460529183.192533205647.745     0.000
       0.560           3      4904805606.956-1065527331.439     0.000
       0.560           4      -5193833249.032-5464090772.821     0.000
       0.560           5      -5193842141.2105464090344.980     0.000
       0.560           6      4904816943.5521065527071.758     0.000
       0.560           7      -2460536610.577-533204266.464     0.000
       0.560           8           0.000     0.000     0.000
       0.570           1           0.000    10.000     0.000
       0.570           2      5418069595.466-1174195788.574     0.000
       0.570           3      -10799875136.2362345796195.973     0.000
       0.570           4      11436012379.52912030357398.728     0.000
       0.570           5      11436028812.854-12030356590.070     0.000
       0.570           6      -10799896055.756-2345795678.632     0.000
       0.570           7      5418083278.9111174193266.442     0.000
       0.570           8           0.000     0.000     0.000
       0.580           1           0.000    10.000     0.000
       0.580           2      -11930446500.4922585702649.842     0.000
       0.580           3      23780127804.744-5164444019.915     0.000
       0.580           4      -25180309244.754-26487581902.799     0.000
       0.580           5      -25180339609.40726487580454.329     0.000
       0.580           6      23780166407.4215164443077.767     0.000
       0.580           7      -11930471713.657-2585697964.523     0.000
       0.580           8           0.000     0.000     0.000
       0.590           1           0.000    10.000     0.000
       0.590           2      26270321356.563-5693900727.974     0.000
       0.590           3      -52361048580.30211370080085.793     0.000
       0.590           4      55443081438.07958318836738.632     0.000
       0.590           5      55443137535.770-58318834062.500     0.000
       0.590           6      -52361119813.118-11370078292.562     0.000
       0.590           7      26270367821.3585693892106.100     0.000
       0.590           8           0.000     0.000     0.000
       0.600           1           0.000    10.000     0.000
       0.600           2      -57845699911.90712538203773.664     0.000
       0.600           3      115292579392.207-25032790887.298     0.000
       0.600           4      -122076911369.402-128403776245.332     0.000
       0.600           5      -122077014993.979128403771376.984     0.000
       0.600           6      115292710836.01225032787563.562     0.000
       0.600           7      -57845785552.289-12538187827.966     0.000
       0.600           8           0.000     0.000     0.000
       0.610           1           0.000    10.000     0.000
       0.610           2      127372058227.611-27609314623.012     0.000
       0.610           3      -253859482088.85355113764932.331     0.000
       0.610           4      268794016494.758282714989906.338     0.000
       0.610           5      268794207888.684-282714980962.612     0.000
       0.610           6      -253859724636.871-55113758699.645     0.000
       0.610           7      127372216092.27627609285215.068     0.000
       0.610           8           0.000     0.000     0.000
       0.620           1           0.000    10.000     0.000
       0.620           2      -280462614713.54960795502900.404     0.000
       0.620           3      558964934821.446-121343159985.657     0.000
       0.620           4      -591841705352.541-622474698738.765     0.000
       0.620           5      -591842058817.937622474682375.833     0.000
       0.620           6      558965382383.430121343148396.285     0.000
       0.620           7      -280462905743.399-60795448586.445     0.000
       0.620           8           0.000     0.000     0.000
       0.630           1           0.000    10.000     0.000
       0.630           2      617552391005.759-133870036971.354     0.000
       0.630           3      -1230764581537.722267161806289.093     0.000
       0.630           4      1303141126294.7991370554044642.261     0.000
       0.630           5      1303141779010.634-1370554014604.567     0.000
       0.630           6      -1230765407398.304-267161784682.986     0.000
       0.630           7      617552927582.048133869936743.676     0.000
       0.630           8           0.000     0.000     0.000
       0.640           1           0.000    10.000     0.000
       0.640           2      -1359787070917.803294775856072.120     0.000
       0.640           3      2709971739791.177-588215953344.998     0.000
       0.640           4      -2869308629953.572-3017671892505.989     0.000
       0.640           5      -2869309835168.2923017671837411.130     0.000
       0.640           6      2709973263698.562588215913188.415     0.000
       0.640           7      -1359788060296.030-294775671044.558     0.000
       0.640           8           0.000     0.000     0.000
       0.650           1           0.000    10.000     0.000
       0.650           2      2994101370567.564-649078865036.029     0.000
       0.650           3      -5966971515574.8911295096577092.005     0.000
       0.650           4      6317758420777.0526644297689158.982     0.000
       0.650           5      6317760645991.121-6644297587966.999     0.000
       0.650           6      -5966974327533.233-1295096502444.355     0.000
       0.650           7      2994103194993.375649078523555.014     0.000
       0.650           8           0.000     0.000     0.000
       0.660           1           0.000    10.000     0.000
       0.660           2      -6592661511692.5141429224457069.760     0.000
       0.660           3      13138405778799.734-2851478268465.195     0.000
       0.660           4      -13910691245960.770-14629423219280.430     0.000
       0.660           5      -13910695354144.36514629423033408.258     0.000
       0.660           6      13138410967490.9792851478129894.572     0.000
       0.660           7      -6592664876184.705-1429223826782.464     0.000
       0.660           8           0.000     0.000     0.000
       0.670           1           0.000    10.000     0.000
       0.670           2      14516232331547.012-3147031962515.058     0.000
       0.670           3      -28928834991496.8916278273115008.602     0.000
       0.670           4      30629108754167.53932211151290059.039     0.000
       0.670           5      30629116338227.879-32211150948407.168     0.000
       0.670           6      -28928844565764.355-6278272857876.067     0.000
       0.670           7      14516238536509.2643147030799278.898     0.000
       0.670           8           0.000     0.000     0.000
       0.680           1           0.000    10.000     0.000
       0.680           2      -31962890238552.5626929468107009.367     0.000
       0.680           3      63696979748776.031-13823317565469.730     0.000
       0.680           4      -67440373527221.641-70922836310379.766     0.000
       0.680           5      -67440387527299.22770922835682211.219     0.000
       0.680           6      63696997415344.35213823317088711.816     0.000
       0.680           7      -31962901682668.539-6929465960155.273     0.000
       0.680           8           0.000     0.000     0.000
       0.690           1           0.000    10.000     0.000
       0.690           2      70378062265482.531-15257976102938.133     0.000
       0.690           3      -140251142391843.29730435893840058.836     0.000
       0.690           4      148492848440934.469156158865167439.688     0.000
       0.690           5      148492874283663.969-156158864011967.250     0.000
       0.690           6      -140251174990362.234-30435892956491.148     0.000
       0.690           7      70378083373444.93815257972140902.178     0.000
       0.690           8           0.000     0.000     0.000
       0.700           1           0.000    10.000     0.000
       0.700           2      -154962925669925.90633596378363205.637     0.000
       0.700           3      308811658397189.250-67013347657964.055     0.000
       0.700           4      -326957329741801.812-343833196356146.688     0.000
       0.700           5      -326957377442840.250343833194230111.562     0.000
       0.700           6      308811718548165.25067013346021340.922     0.000
       0.700           7      -154962964603932.688-33596371051304.648     0.000
       0.700           8           0.000     0.000     0.000
       0.710           1           0.000    10.000     0.000
       0.710           2      341206775708932.188-73975292586452.125     0.000
       0.710           3      -679955855074189.250147549538518834.812     0.000
       0.710           4      719907321268137.750757058601444474.875     0.000
       0.710           5      719907409312355.875-757058597531388.000     0.000
       0.710           6      -679955966064919.125-147549535488558.531     0.000
       0.710           7      341206847526149.43873975279092731.172     0.000
       0.710           8           0.000     0.000     0.000
       0.720           1           0.000    10.000     0.000
       0.720           2      -751288790234256.750162884508248235.562     0.000
       0.720           3      1497157636929755.750-324874423075253.625     0.000
       0.720           4      -1585119756279363.750-1666908098908173.250     0.000
       0.720           5      -1585119918781528.2501666908091704080.250     0.000
       0.720           6      1497157841729804.750324874417466790.750     0.000
       0.720           7      -751288922712013.250-162884483346617.219     0.000
       0.720           8           0.000     0.000     0.000
       0.730           1           0.000    10.000     0.000
       0.730           2      1654229141909991.250-358650860961273.938     0.000
       0.730           3      -3296508136496576.000715309787027440.375     0.000
       0.730           4      3490177759974995.5003670237943668141.000     0.000
       0.730           5      3490178059894285.000-3670237930401965.000     0.000
       0.730           6      -3296508514393007.000-715309776650676.625     0.000
       0.730           7      1654229386292796.000358650815008007.688     0.000
       0.730           8           0.000     0.000     0.000
       0.740           1           0.000    10.000     0.000
       0.740           2      -3642369382471888.000789701764831596.875     0.000
       0.740           3      7258395160814063.000-1574975012420401.500     0.000
       0.740           4      -7684807562412532.000-8081223878175783.000     0.000
       0.740           5      -7684808115938480.0008081223853741289.000     0.000
       0.740           6      7258395858106523.0001574974993227170.500     0.000
       0.740           7      -3642369833299189.500-789701680030771.375     0.000
       0.740           8           0.000     0.000     0.000
       0.750           1           0.000    10.000     0.000
       0.750           2      8019954844792910.000-1738815826203229.750     0.000
       0.750           3      -15981845212904514.0003467798976910772.000     0.000
       0.750           4      16920704100764554.00017793458283545670.000     0.000
       0.750           5      16920705122318146.000-17793458238531920.000     0.000
       0.750           6      -15981846499543376.000-3467798941419673.000     0.000
       0.750           7      8019955676480744.0001738815669716127.250     0.000
       0.750           8           0.000     0.000     0.000
       0.760           1           0.000    10.000     0.000
       0.760           2      -17658732409807132.0003828630031968730.500     0.000
       0.760           3      35189500798764776.000-7635453039638419.000     0.000
       0.760           4      -37256654239240400.000-39178144116763752.000     0.000
       0.760           5      -37256656124517152.00039178144033824408.000     0.000
       0.760           6      35189503172858808.0007635452974025729.000     0.000
       0.760           7      -17658733944141250.000-3828629743198286.000     0.000
       0.760           8           0.000     0.000     0.000
       0.770           1           0.000    10.000     0.000
       0.770           2      38881842517678256.000-8430098414118337.000     0.000
       0.770           3      -77481707321227744.00016811879701497042.000     0.000
       0.770           4      82033125735085264.00086263602096471008.000     0.000
       0.770           5      82033129214296048.000-86263601943628832.000     0.000
       0.770           6      -77481711701880064.000-16811879580223784.000     0.000
       0.770           7      38881845348339936.0008430097881246331.000     0.000
       0.770           8           0.000     0.000     0.000
       0.780           1           0.000    10.000     0.000
       0.780           2      -85611852467312976.00018561855474986800.000     0.000
       0.780           3      170602410068251456.000-37016745359283040.000     0.000
       0.780           4      -180623668294505728.000-189937852306312192.000     0.000
       0.780           5      -180623674715156768.000189937852024613600.000     0.000
       0.780           6      170602418151376928.00037016745135172904.000     0.000
       0.780           7      -85611857689633392.000-18561854491678756.000     0.000
       0.780           8           0.000     0.000     0.000
       0.790           1           0.000    10.000     0.000
       0.790           2      188504069567833632.000-40870475676299472.000     0.000
       0.790           3      -375639331274803648.00081504318477627808.000     0.000
       0.790           4      397704080842593728.000418211176870311488.000     0.000
       0.790           5      397704092691295936.000-418211176351057856.000     0.000
       0.790           6      -375639346189674432.000-81504318063546720.000     0.000
       0.790           7      188504079202701344.00040870473861815648.000     0.000
       0.790           8           0.000     0.000     0.000
       0.800           1           0.000    10.000     0.000
       0.800           2      -415056647246659904.00089990697281841680.000     0.000
       0.800           3      827097832234739840.000-179458232148261408.000     0.000
       0.800           4      -875679995565139328.000-920830940071051136.000     0.000
       0.800           5      -875680017430500352.000920830939113808128.000     0.000
       0.800           6      827097859755440896.000179458231383289376.000     0.000
       0.800           7      -415056665022658624.000-89990693933622640.000     0.000
       0.800           8           0.000     0.000     0.000
       0.810           1           0.000    10.000     0.000
       0.810           2      913889838290173568.000-198145954246595040.000     0.000
       0.810           3      -1821137104451326464.000395135889777350656.000     0.000
       0.810           4      1928105542434069760.0002027516077750995200.000     0.000
       0.810           5      1928105582783493632.000-2027516075986147072.000     0.000
       0.810           6      -1821137155232075264.000-395135888364329472.000     0.000
       0.810           7      913889871086679040.000198145948068251104.000     0.000
       0.810           8           0.000     0.000     0.000
       0.820           1           0.000    10.000     0.000
       0.820           2      -2012241846508702976.000436287240598954496.000     0.000
       0.820           3      4009852040692424704.000-870021242978110208.000     0.000
       0.820           4      -4245376108210529280.000-4464253302318485504.000     0.000
       0.820           5      -4245376182668864512.0004464253299064402432.000     0.000
       0.820           6      4009852134392222720.000870021240368349440.000     0.000
       0.820           7      -2012241907018533632.000-436287229198344256.000     0.000
       0.820           8           0.000     0.000     0.000
       0.830           1           0.000    10.000     0.000
       0.830           2      4430639105381782016.000-960637557868030208.000     0.000
       0.830           3      -8829050576033830912.0001915638182867873792.000     0.000
       0.830           4      9347630452504389632.0009829545866089062400.000     0.000
       0.830           5      9347630589903898624.000-9829545860088551424.000     0.000
       0.830           6      -8829050748927000576.000-1915638178048306176.000     0.000
       0.830           7      4430639217024013312.000960637536831112064.000     0.000
       0.830           8           0.000     0.000     0.000
       0.840           1           0.000    10.000     0.000
       0.840           2      -9755565848836835328.0002115175424789549824.000     0.000
       0.840           3      19440150341791252480.000-4217910211827340800.000     0.000
       0.840           4      -20581967754271375360.000-21643035330110119936.000     0.000
       0.840           5      -20581968007815372800.00021643035319044628480.000     0.000
       0.840           6      19440150660810588160.0004217910202927657472.000     0.000
       0.840           7      -9755566054821502976.000-2115175385971443456.000     0.000
       0.840           8           0.000     0.000     0.000
       0.850           1           0.000    10.000     0.000
       0.850           2      21480206679093125120.000-4657287300282463232.000     0.000
       0.850           3      -42804082966877724672.0009287126599996731392.000     0.000
       0.850           4      45318157894153003008.00047654395155647602688.000     0.000
       0.850           5      45318158362015432704.000-47654395135240126464.000     0.000
       0.850           6      -42804083555526066176.000-9287126583564138496.000     0.000
       0.850           7      21480207059146559488.0004657287228654091264.000     0.000
       0.850           8           0.000     0.000     0.000
       0.860           1           0.000    10.000     0.000
       0.860           2      -47295994508671598592.00010254618305040967680.000     0.000
       0.860           3      94247696207000551424.000-20448693547003531264.000     0.000
       0.860           4      -99783239540273119232.000-104927137099593908224.000     0.000
       0.860           5      -99783240403609665536.000104927137061956239360.000     0.000
       0.860           6      94247697293162790912.00020448693516664279040.000     0.000
       0.860           7      -47295995209896640512.000-10254618172870543360.000     0.000
       0.860           8           0.000     0.000     0.000
       0.870           1           0.000    10.000     0.000
       0.870           2      104138230549661532160.000-22579058242019430400.000     0.000
       0.870           3      -207518233167046705152.00045024604988845670400.000     0.000
       0.870           4      219706521337738133504.000231032322961383161856.000     0.000
       0.870           5      219706522930824577024.000-231032322891962679296.000     0.000
       0.870           6      -207518235171211575296.000-45024604932834320384.000     0.000
       0.870           7      104138231843478667264.00022579057998135988224.000     0.000
       0.870           8           0.000     0.000     0.000
       0.880           1           0.000    10.000     0.000
       0.880           2      -229295727117627785216.00049715523908396384256.000     0.000
       0.880           3      456921669359677145088.000-99136682587820638208.000     0.000
       0.880           4      -483758148664149999616.000-508695292006263947264.000     0.000
       0.880           5      -483758151603805028352.000508695291878219317248.000     0.000
       0.880           6      456921673057720074240.00099136682484420378624.000     0.000
       0.880           7      -229295729504838352896.000-49715523458379055104.000     0.000
       0.880           8           0.000     0.000     0.000
       0.890           1           0.000    10.000     0.000
       0.890           2      504872450631796260864.000-109465711925507407872.000     0.000
       0.890           3      -1006067749061748326400.000218282521725934501888.000     0.000
       0.890           4      1065157027412371046400.0001120063737498281181184.000     0.000
       0.890           5      1065157032836763484160.000-1120063737262091403264.000     0.000
       0.890           6      -1006067755885300285440.000-218282521535062147072.000     0.000
       0.890           7      504872455036440084480.000109465711095130800128.000     0.000
       0.890           8           0.000     0.000     0.000
       0.900           1           0.000    10.000     0.000
       0.900           2      -1111648114037233418240.000241026111595102044160.000     0.000
       0.900           3      2215198666341291917312.000-480621991188042153984.000     0.000
       0.900           4      -2345303104437572337664.000-2466197171565973995520.000     0.000
       0.900           5      -2345303114446887190528.0002466197171130293813248.000     0.000
       0.900           6      2215198678931958923264.000480621990835713736704.000     0.000
       0.900           7      -1111648122164278591488.000-241026110062885732352.000     0.000
       0.900           8           0.000     0.000     0.000
       0.910           1           0.000    10.000     0.000
       0.910           2      2447670507950153138176.000-530701113108159791104.000     0.000
       0.910           3      -4877509445736441315328.0001058250293949950853120.000     0.000
       0.910           4      5163977224215185063936.0005430163274245030805504.000     0.000
       0.910           5      5163977242684697870336.000-5430163273441327710208.000     0.000
       0.910           6      -4877509468968473067520.000-1058250293299624148992.000     0.000
       0.910           7      2447670522945494581248.000530701110280908767232.000     0.000
       0.910           8           0.000     0.000     0.000
       0.920           1           0.000    10.000     0.000
       0.920           2      -5389376660748210536448.0001168519135937105756160.000     0.000
       0.920           3      10739487154914746957824.000-2330092864565456404480.000     0.000
       0.920           4      -11370240643594784342016.000-11956333243559275659264.000     0.000
       0.920           5      -11370240677675242881024.00011956333242076650012672.000     0.000
       0.920           6      10739487197781974581248.0002330092863365127077888.000     0.000
       0.920           7      -5389376688416441237504.000-1168519130720262291456.000     0.000
       0.920           8           0.000     0.000     0.000
       0.930           1           0.000    10.000     0.000
       0.930           2      11866539438614096379904.000-2572892227382494625792.000     0.000
       0.930           3      -23646613579436310659072.0005130481495323798667264.000     0.000
       0.930           4      25035426433684186595328.00026325895934805219999744.000     0.000
       0.930           5      25035426496570208550912.000-26325895932070072418304.000     0.000
       0.930           6      -23646613658533971886080.000-5130481493108378828800.000     0.000
       0.930           7      11866539489665530986496.0002572892217756387115008.000     0.000
       0.930           8           0.000     0.000     0.000
       0.940           1           0.000    10.000     0.000
       0.940           2      -26128207010289797824512.0005665096407750888390656.000     0.000
       0.940           3      52066016927974380535808.000-11296478405188386816000.000     0.000
       0.940           4      -55123949853832615297024.000-57965332611795643269120.000     0.000
       0.940           5      -55123949969870761754624.00057965332606749736173568.000     0.000
       0.940           6      52066017073923543269376.00011296478401099582144512.000     0.000
       0.940           7      -26128207104486475300864.000-5665096389988849811456.000     0.000
       0.940           8           0.000     0.000     0.000
       0.950           1           0.000    10.000     0.000
       0.950           2      57530096807998648221696.000-12473633118206392532992.000     0.000
       0.950           3      -114640942197788081389568.00024872994601020331917312.000     0.000
       0.950           4      121373999702097365303296.000127630221872592972677120.000     0.000
       0.950           5      121373999916212876738560.000-127630221863283949830144.000     0.000
       0.950           6      -114640942467090265145344.000-24872994593474137292800.000     0.000
       0.950           7      57530096981804591349760.00012473633085431960567808.000     0.000
       0.950           8           0.000     0.000     0.000
       0.960           1           0.000    10.000     0.000
       0.960           2      -126671986065011688603648.00027464935580505403817984.000     0.000
       0.960           3      252420794932210383716352.000-54766264154244570415104.000     0.000
       0.960           4      -267245867054831400648704.000-281020973293394150293504.000     0.000
       0.960           5      -267245867449918563549184.000281020973276220287352832.000     0.000
       0.960           6      252420795429120181796864.00054766264140317795024896.000     0.000
       0.960           7      -126671986385707954339840.000-27464935520030414602240.000     0.000
       0.960           8           0.000     0.000     0.000
       0.970           1           0.000    10.000     0.000
       0.970           2      278911252523481384878080.000-60473369284417719107584.000     0.000
       0.970           3      -555789715719243973001216.000120586362474308646731776.000     0.000
       0.970           4      588432065421655282810880.000618762461046606177239040.000     0.000
       0.970           5      588432066150672562651136.000-618762461014919921795072.000     0.000
       0.970           6      -555789716636131309649920.000-120586362448607126224896.000     0.000
       0.970           7      278911253115213021446144.00060473369172829771137024.000     0.000
       0.970           8           0.000     0.000     0.000
       0.980           1           0.000    10.000     0.000
       0.980           2      -614117503498237438328832.000133152619597957620039680.000     0.000
       0.980           3      1223758937072956277260288.000-265511480663005437362176.000     0.000
       0.980           4      -1295631992012953016598528.000-1362414308007618973532160.000     0.000
       0.980           5      -1295631993358133820915712.0001362414307949161515843584.000     0.000
       0.980           6      1223758938764774496796672.000265511480615574469345280.000     0.000
       0.980           7      -614117504590070067232768.000-133152619392056954978304.000     0.000
       0.980           8           0.000     0.000     0.000
       0.990           1           0.000    10.000     0.000
       0.990           2      1352187451264109136314368.000-293180604313653680799744.000     0.000
       0.990           3      -2694518943258309210144768.000584612964900249647710208.000     0.000
       0.990           4      2852771551968325208637440.0002999814812360006675988480.000     0.000
       0.990           5      2852771554450457139085312.000-2999814812252149309767680.000     0.000
       0.990           6      -2694518946380010626220032.000-584612964812718683979776.000     0.000
       0.990           7      1352187453278705690869760.000293180603933728557760512.000     0.000
       0.990           8           0.000     0.000     0.000
       1.000           1           0.000    10.000     0.000
       1.000           2      -2977298058457822273732608.000645536393694824521269248.000     0.000
       1.000           3      5932894164878947845668864.000-1287222447115393327693824.000     0.000
       1.000           4      -6281340356274086148571136.000-6605104676354335826771968.000     0.000
       1.000           5      -6281340360854096465362944.0006605104676155351065690112.000     0.000
       1.000           6      5932894170639044450451456.0001287222446953865781706752.000     0.000
       1.000           7      -2977298062175062781329408.000-645536392993792711458816.000     0.000
       1.000           8           0.000     0.000     0.000
