
 the input file of exercise 2-1-(b)  

 C O N T R O L   I N F O R M A T I O N

      NUMBER OF NODAL POINTS . . . . . . . . . . (NUMNP)  =          8 
      NUMBER OF ELEMENT GROUPS . . . . . . . . . (NUMEG)  =          1 
      NUMBER OF LOAD CASES . . . . . . . . . . . (NLCASE) =          1 
      SOLUTION MODE  . . . . . . . . . . . . . . (MODEX)  =          2 
         EQ.0, DATA CHECK 
         EQ.1, EXECUTION


 N O D A L   P O I N T   D A T A 

       NODE          BOUNDARY                         NODAL POINT
      NUMBER     CONDITION  CODES                     COORDINATES
                    X    Y    Z               X            Y            Z
         1          1    1    1              0.000       10.000        0.000
         2          0    0    1             10.000       10.000        0.000
         3          0    0    1             20.000       10.000        0.000
         4          0    0    1             30.000       10.000        0.000
         5          0    0    1             30.000        0.000        0.000
         6          0    0    1             20.000        0.000        0.000
         7          0    0    1             10.000        0.000        0.000
         8          1    1    1              0.000        0.000        0.000


 EQUATION NUMBERS

        NODE         DEGREES OF FREEDOM
       NUMBER
          N                  X         Y         Z
          1                  0         0         0
          2                  1         2         0
          3                  3         4         0
          4                  5         6         0
          5                  7         8         0
          6                  9        10         0
          7                 11        12         0
          8                  0         0         0


 L O A D   C A S E   D A T A

     LOAD CASE NUMBER . . . . . . . =          1
     NUMBER OF CONCENTRATED LOADS . =          1


        NODE       DIRECTION      LOAD
       NUMBER                   MAGNITUDE
         4            2       -1.00000e+00


 E L E M E N T   G R O U P   D A T A


 E L E M E N T   D E F I N I T I O N

 ELEMENT TYPE  . . . . . . . . . . . . .( NPAR(1) ) . . =          1
     EQ.1, TRUSS ELEMENTS
     EQ.2, PLANE STRESS ELEMENTS
     EQ.3, PLANE STRAIN ELEMENTS
     EQ.4, NOT AVAILABLE
 NUMBER OF ELEMENTS. . . . . . . . . . .( NPAR(2) ) . . =         16

 M A T E R I A L   D E F I N I T I O N

 NUMBER OF DIFFERENT SETS OF MATERIAL
 AND CROSS-SECTIONAL  CONSTANTS  . . . .( NPAR(3) ) . . =          1
  SET       YOUNG'S     CROSS-SECTIONAL
 NUMBER     MODULUS          AREA
               E              A
    1     2.00000e+05    1.000000e-02


 E L E M E N T   I N F O R M A T I O N

      ELEMENT          NODE          NODE       MATERIAL
      NUMBER-N           I             J       SET NUMBER
         1               1             2           1
         2               2             3           1
         3               3             4           1
         4               4             5           1
         5               5             6           1
         6               6             7           1
         7               7             8           1
         8               8             1           1
         9               2             7           1
        10               3             6           1
        11               1             7           1
        12               2             8           1
        13               2             6           1
        14               3             7           1
        15               3             5           1
        16               4             6           1


  TOTAL SYSTEM DATA

     NUMBER OF EQUATIONS . . . . . . . . . . . . . .(NEQ) =         12
     NUMBER OF MATRIX ELEMENTS . . . . . . . . . . .(NWK) =         70
     MAXIMUM HALF BANDWIDTH  . . . . . . . . . . . .(MK ) =         12
     MEAN HALF BANDWIDTH . . . . . . . . . . . . . .(MM ) =          6


 LOAD CASE   1

 D I S P L A C E M E N T S

       NODE           X-DISPLACEMENT    Y-DISPLACEMENT    Z-DISPLACEMENT
          1              0.000000e+00      0.000000e+00      0.000000e+00
          2              0.000000e+00      0.000000e+00      0.000000e+00
          3              0.000000e+00      0.000000e+00      0.000000e+00
          4              0.000000e+00      0.000000e+00      0.000000e+00
          5              0.000000e+00      0.000000e+00      0.000000e+00
          6              0.000000e+00      0.000000e+00      0.000000e+00
          7              0.000000e+00      0.000000e+00      0.000000e+00
          8              0.000000e+00      0.000000e+00      0.000000e+00


  S T R E S S  C A L C U L A T I O N S  F O R  E L E M E N T  G R O U P    1

       ELEMENT             FORCE            STRESS
       NUMBER
          1            0.000000e+00     0.000000e+00
          2            0.000000e+00     0.000000e+00
          3            0.000000e+00     0.000000e+00
          4            0.000000e+00     0.000000e+00
          5            0.000000e+00     0.000000e+00
          6            0.000000e+00     0.000000e+00
          7            0.000000e+00     0.000000e+00
          8            0.000000e+00     0.000000e+00
          9            0.000000e+00     0.000000e+00
         10            0.000000e+00     0.000000e+00
         11            0.000000e+00     0.000000e+00
         12            0.000000e+00     0.000000e+00
         13            0.000000e+00     0.000000e+00
         14            0.000000e+00     0.000000e+00
         15            0.000000e+00     0.000000e+00
         16            0.000000e+00     0.000000e+00


 S O L U T I O N   T I M E   L O G   I N   S E C

     TIME FOR INPUT PHASE  . . . . . . . . . . . . . . =         0.02
     TIME FOR CALCULATION OF STIFFNESS MATRIX  . . . . =         0.00
     TIME FOR FACTORIZATION OF STIFFNESS MATRIX  . . . =         0.00
     TIME FOR LOAD CASE SOLUTIONS  . . . . . . . . . . =         0.03

      T O T A L   S O L U T I O N   T I M E  . . . . . =         0.05
